Performing C SOURCE FILE Test CMAKE_HAVE_LIBC_PTHREAD failed with the following output:
Change Dir: /home/liuhao/ros2_ws/usv_ws/src/joystick_interface_node/cmake-build-debug/CMakeFiles/CMakeTmp

Run Build Command(s):/usr/bin/make -f Makefile cmTC_c9811/fast && /usr/bin/make  -f CMakeFiles/cmTC_c9811.dir/build.make CMakeFiles/cmTC_c9811.dir/build
make[1]: 进入目录“/home/liuhao/ros2_ws/usv_ws/src/joystick_interface_node/cmake-build-debug/CMakeFiles/CMakeTmp”
Building C object CMakeFiles/cmTC_c9811.dir/src.c.o
/usr/bin/cc -DCMAKE_HAVE_LIBC_PTHREAD   -o CMakeFiles/cmTC_c9811.dir/src.c.o -c /home/liuhao/ros2_ws/usv_ws/src/joystick_interface_node/cmake-build-debug/CMakeFiles/CMakeTmp/src.c
Linking C executable cmTC_c9811
/snap/clion/169/bin/cmake/linux/bin/cmake -E cmake_link_script CMakeFiles/cmTC_c9811.dir/link.txt --verbose=1
/usr/bin/cc CMakeFiles/cmTC_c9811.dir/src.c.o -o cmTC_c9811 
/usr/bin/ld: CMakeFiles/cmTC_c9811.dir/src.c.o: in function `main':
src.c:(.text+0x46): undefined reference to `pthread_create'
/usr/bin/ld: src.c:(.text+0x52): undefined reference to `pthread_detach'
/usr/bin/ld: src.c:(.text+0x5e): undefined reference to `pthread_cancel'
/usr/bin/ld: src.c:(.text+0x6f): undefined reference to `pthread_join'
collect2: error: ld returned 1 exit status
make[1]: *** [CMakeFiles/cmTC_c9811.dir/build.make:99：cmTC_c9811] 错误 1
make[1]: 离开目录“/home/liuhao/ros2_ws/usv_ws/src/joystick_interface_node/cmake-build-debug/CMakeFiles/CMakeTmp”
make: *** [Makefile:127：cmTC_c9811/fast] 错误 2


Source file was:
#include <pthread.h>

static void* test_func(void* data)
{
  return data;
}

int main(void)
{
  pthread_t thread;
  pthread_create(&thread, NULL, test_func, NULL);
  pthread_detach(thread);
  pthread_cancel(thread);
  pthread_join(thread, NULL);
  pthread_atfork(NULL, NULL, NULL);
  pthread_exit(NULL);

  return 0;
}

Determining if the function pthread_create exists in the pthreads failed with the following output:
Change Dir: /home/liuhao/ros2_ws/usv_ws/src/joystick_interface_node/cmake-build-debug/CMakeFiles/CMakeTmp

Run Build Command(s):/usr/bin/make -f Makefile cmTC_265bd/fast && /usr/bin/make  -f CMakeFiles/cmTC_265bd.dir/build.make CMakeFiles/cmTC_265bd.dir/build
make[1]: 进入目录“/home/liuhao/ros2_ws/usv_ws/src/joystick_interface_node/cmake-build-debug/CMakeFiles/CMakeTmp”
Building C object CMakeFiles/cmTC_265bd.dir/CheckFunctionExists.c.o
/usr/bin/cc   -DCHECK_FUNCTION_EXISTS=pthread_create -o CMakeFiles/cmTC_265bd.dir/CheckFunctionExists.c.o -c /snap/clion/169/bin/cmake/linux/share/cmake-3.20/Modules/CheckFunctionExists.c
Linking C executable cmTC_265bd
/snap/clion/169/bin/cmake/linux/bin/cmake -E cmake_link_script CMakeFiles/cmTC_265bd.dir/link.txt --verbose=1
/usr/bin/cc  -DCHECK_FUNCTION_EXISTS=pthread_create CMakeFiles/cmTC_265bd.dir/CheckFunctionExists.c.o -o cmTC_265bd  -lpthreads 
/usr/bin/ld: 找不到 -lpthreads
collect2: error: ld returned 1 exit status
make[1]: *** [CMakeFiles/cmTC_265bd.dir/build.make:99：cmTC_265bd] 错误 1
make[1]: 离开目录“/home/liuhao/ros2_ws/usv_ws/src/joystick_interface_node/cmake-build-debug/CMakeFiles/CMakeTmp”
make: *** [Makefile:127：cmTC_265bd/fast] 错误 2



