Performing C SOURCE FILE Test CMAKE_HAVE_LIBC_PTHREAD failed with the following output:
Change Dir: /home/liuhao/ros2_ws/usv_ws/src/common/usv_common/cmake-build-debug/CMakeFiles/CMakeTmp

Run Build Command(s):/usr/bin/make -f Makefile cmTC_3e148/fast && /usr/bin/make  -f CMakeFiles/cmTC_3e148.dir/build.make CMakeFiles/cmTC_3e148.dir/build
make[1]: 进入目录“/home/liuhao/ros2_ws/usv_ws/src/common/usv_common/cmake-build-debug/CMakeFiles/CMakeTmp”
Building C object CMakeFiles/cmTC_3e148.dir/src.c.o
/usr/bin/cc -DCMAKE_HAVE_LIBC_PTHREAD   -o CMakeFiles/cmTC_3e148.dir/src.c.o -c /home/liuhao/ros2_ws/usv_ws/src/common/usv_common/cmake-build-debug/CMakeFiles/CMakeTmp/src.c
Linking C executable cmTC_3e148
/snap/clion/169/bin/cmake/linux/bin/cmake -E cmake_link_script CMakeFiles/cmTC_3e148.dir/link.txt --verbose=1
/usr/bin/cc CMakeFiles/cmTC_3e148.dir/src.c.o -o cmTC_3e148 
/usr/bin/ld: CMakeFiles/cmTC_3e148.dir/src.c.o: in function `main':
src.c:(.text+0x46): undefined reference to `pthread_create'
/usr/bin/ld: src.c:(.text+0x52): undefined reference to `pthread_detach'
/usr/bin/ld: src.c:(.text+0x5e): undefined reference to `pthread_cancel'
/usr/bin/ld: src.c:(.text+0x6f): undefined reference to `pthread_join'
collect2: error: ld returned 1 exit status
make[1]: *** [CMakeFiles/cmTC_3e148.dir/build.make:99：cmTC_3e148] 错误 1
make[1]: 离开目录“/home/liuhao/ros2_ws/usv_ws/src/common/usv_common/cmake-build-debug/CMakeFiles/CMakeTmp”
make: *** [Makefile:127：cmTC_3e148/fast] 错误 2


Source file was:
#include <pthread.h>

static void* test_func(void* data)
{
  return data;
}

int main(void)
{
  pthread_t thread;
  pthread_create(&thread, NULL, test_func, NULL);
  pthread_detach(thread);
  pthread_cancel(thread);
  pthread_join(thread, NULL);
  pthread_atfork(NULL, NULL, NULL);
  pthread_exit(NULL);

  return 0;
}

